<?xml version="1.0" encoding="UTF-8"?>
<!-- Generated by org.testng.reporters.JUnitXMLReporter -->
<testsuite ignored="0" hostname="Ganesh" failures="1" tests="1" name="Test-Runner-2" time="42.619" errors="0" timestamp="2022-11-14T19:56:06 IST">
  <testcase classname="vTiger.ContactsTests.CreateContactWithOrganizationsTestNG" name="createOrgnizationTest" time="11.529">
    <failure type="java.lang.AssertionError" message="null">
      <![CDATA[java.lang.AssertionError: null
at vTiger.ContactsTests.CreateContactWithOrganizationsTestNG.createOrgnizationTest(CreateContactWithOrganizationsTestNG.java:41)
at java.base/java.util.ArrayList.forEach(ArrayList.java:1511)
at java.base/java.util.concurrent.FutureTask.run(FutureTask.java:264)
at java.base/java.util.concurrent.ThreadPoolExecutor.runWorker(ThreadPoolExecutor.java:1136)
at java.base/java.util.concurrent.ThreadPoolExecutor$Worker.run(ThreadPoolExecutor.java:635)
at java.base/java.lang.Thread.run(Thread.java:833)
... Removed 18 stack frames]]>
    </failure>
  </testcase> <!-- createOrgnizationTest -->
</testsuite> <!-- Test-Runner-2 -->
