<?xml version="1.0" encoding="UTF-8"?>
<!-- Generated by org.testng.reporters.JUnitReportReporter -->
<testsuite hostname="Ganesh" failures="0" tests="8" name="vTiger.Practice.MultipleOrganizationWithIndustry" time="0.017" errors="0" timestamp="2022-11-04T13:50:28 IST" skipped="0">
  <testcase classname="vTiger.Practice.MultipleOrganizationWithIndustry" name="addProductToCartTests" time="0.001"/>
  <system-out/>
  <testcase classname="vTiger.Practice.MultipleOrganizationWithIndustry" name="addProductToCartTest" time="0.001"/>
  <system-out/>
  <testcase classname="vTiger.Practice.MultipleOrganizationWithIndustry" name="addProductToCartTests" time="0.001"/>
  <system-out/>
  <testcase classname="vTiger.Practice.MultipleOrganizationWithIndustry" name="addProductToCartTests" time="0.001"/>
  <system-out/>
  <testcase classname="vTiger.Practice.MultipleOrganizationWithIndustry" name="addProductToCartTest" time="0.001"/>
  <system-out/>
  <testcase classname="vTiger.Practice.MultipleOrganizationWithIndustry" name="addProductToCartTests" time="0.001"/>
  <system-out/>
  <testcase classname="vTiger.Practice.MultipleOrganizationWithIndustry" name="addProductToCartTest" time="0.001"/>
  <system-out/>
  <testcase classname="vTiger.Practice.MultipleOrganizationWithIndustry" name="addProductToCartTest" time="0.010"/>
  <system-out/>
</testsuite> <!-- vTiger.Practice.MultipleOrganizationWithIndustry -->
