<?xml version="1.0" encoding="UTF-8"?>
<!-- Generated by org.testng.reporters.JUnitReportReporter -->
<testsuite hostname="Ganesh" failures="0" tests="1" name="vTiger.ContactsTests.CreateContactTest" time="10.052" errors="0" timestamp="2022-11-14T19:48:15 IST" skipped="0">
  <testcase classname="vTiger.ContactsTests.CreateContactTest" name="createContactTest" time="10.052"/>
  <system-out/>
</testsuite> <!-- vTiger.ContactsTests.CreateContactTest -->
