<?xml version="1.0" encoding="UTF-8"?>
<!-- Generated by org.testng.reporters.JUnitReportReporter -->
<testsuite hostname="Ganesh" failures="0" tests="1" name="vTiger.ContactsTests.CreateContactWithOrganizationsTest" time="28.211" errors="0" timestamp="2022-11-19T18:26:45 IST" skipped="0">
  <testcase classname="vTiger.ContactsTests.CreateContactWithOrganizationsTest" name="createOrgnizationTest" time="28.211"/>
  <system-out>
    <![CDATA[orgnization link clicked
create organization lookup clicked
Organization saved
organization created
contact link clicked
create contact lookup clicked
contact created with org]]>
  </system-out>
</testsuite> <!-- vTiger.ContactsTests.CreateContactWithOrganizationsTest -->
