<?xml version="1.0" encoding="UTF-8"?>
<!-- Generated by org.testng.reporters.JUnitReportReporter -->
<testsuite hostname="Ganesh" failures="0" tests="1" name="vTiger.Practice.BaseClassPractice" time="0.010" errors="0" timestamp="2022-11-04T11:03:03 IST" skipped="0">
  <testcase classname="vTiger.Practice.BaseClassPractice" name="test" time="0.010"/>
  <system-out/>
</testsuite> <!-- vTiger.Practice.BaseClassPractice -->
