<?xml version="1.0" encoding="UTF-8"?>
<!-- Generated by org.testng.reporters.JUnitReportReporter -->
<testsuite hostname="Ganesh" failures="0" tests="4" name="vTiger.Practice.CreateOrganizationWithHealthCare" time="0.011" errors="0" timestamp="2022-11-04T09:05:04 IST" skipped="0">
  <testcase classname="vTiger.Practice.CreateOrganizationWithHealthCare" name="OrganizationWithType" time="0.008"/>
  <system-out/>
  <testcase classname="vTiger.Practice.CreateOrganizationWithHealthCare" name="OrganizationWithType" time="0.001"/>
  <system-out/>
  <testcase classname="vTiger.Practice.CreateOrganizationWithHealthCare" name="OrganizationWithType" time="0.001"/>
  <system-out/>
  <testcase classname="vTiger.Practice.CreateOrganizationWithHealthCare" name="OrganizationWithType" time="0.001"/>
  <system-out/>
</testsuite> <!-- vTiger.Practice.CreateOrganizationWithHealthCare -->
