<?xml version="1.0" encoding="UTF-8"?>
<!-- Generated by org.testng.reporters.JUnitReportReporter -->
<testsuite hostname="Ganesh" failures="0" tests="1" name="vTiger.Organization.CreateMultipleOrganizationWithIndustryTest" time="0.000" errors="0" timestamp="2022-11-08T10:28:37 IST" skipped="1">
  <testcase classname="vTiger.Organization.CreateMultipleOrganizationWithIndustryTest" name="MultipleOrganizationWithIndustryTest" time="0.000">
    <skipped/>
  </testcase> <!-- MultipleOrganizationWithIndustryTest -->
  <system-out/>
</testsuite> <!-- vTiger.Organization.CreateMultipleOrganizationWithIndustryTest -->
