<?xml version="1.0" encoding="UTF-8"?>
<!-- Generated by org.testng.reporters.JUnitReportReporter -->
<testsuite hostname="Ganesh" failures="0" tests="2" name="vTiger.Practice.TestNGPractice" time="0.000" errors="0" timestamp="2022-11-19T18:26:45 IST" skipped="1">
  <testcase classname="vTiger.Practice.TestNGPractice" name="deleteCustomer" time="0.000"/>
  <system-out/>
  <testcase classname="vTiger.Practice.TestNGPractice" name="modifyCustomer">
    <skipped/>
  </testcase> <!-- modifyCustomer -->
  <system-out/>
</testsuite> <!-- vTiger.Practice.TestNGPractice -->
